<?xml version="1.0" encoding="UTF-8"?>
<!-- Generated by org.testng.reporters.JUnitXMLReporter -->
<testsuite hostname="rckstr" ignored="0" name="Test" tests="1" failures="1" timestamp="20 Mar 2020 20:58:32 GMT" time="1.929" errors="0">
  <testcase name="TestRun" time="1.902" classname="TestRun.TestRun">
    <failure type="java.lang.AssertionError" message="expected [500] but found [200]">
      <![CDATA[java.lang.AssertionError: expected [500] but found [200]
at TestRun.TestRun.TestRun(TestRun.java:51)
... Removed 31 stack frames]]>
    </failure>
  </testcase> <!-- TestRun -->
</testsuite> <!-- Test -->
