<?xml version="1.0" encoding="UTF-8"?>
<!-- Generated by org.testng.reporters.JUnitXMLReporter -->
<testsuite hostname="rckstr" ignored="0" name="Test" tests="1" failures="1" timestamp="26 Mar 2020 07:18:07 GMT" time="6.85" errors="0">
  <testcase name="TestRun" time="6.369" classname="TestRun.TestRunner">
    <failure type="java.lang.AssertionError" message="expected [true] but found [false]">
      <![CDATA[java.lang.AssertionError: expected [true] but found [false]
at TestRun.TestRunner.TestRun(TestRunner.java:111)
... Removed 29 stack frames]]>
    </failure>
  </testcase> <!-- TestRun -->
</testsuite> <!-- Test -->
