<?xml version="1.0" encoding="UTF-8"?>
<testng-results skipped="0" failed="0" ignored="0" total="1" passed="1">
  <reporter-output>
  </reporter-output>
  <suite name="Default suite" duration-ms="6009" started-at="2020-03-26T14:13:05Z" finished-at="2020-03-26T14:13:11Z">
    <groups>
    </groups>
    <test name="Default test" duration-ms="6009" started-at="2020-03-26T14:13:05Z" finished-at="2020-03-26T14:13:11Z">
      <class name="TestRun.RetryFailedTest">
        <test-method status="PASS" signature="startReport()[pri:0, instance:TestRun.RetryFailedTest@4bee09]" name="startReport" is-config="true" duration-ms="268" started-at="2020-03-26T14:13:05Z" finished-at="2020-03-26T14:13:06Z">
          <reporter-output>
          </reporter-output>
        </test-method> <!-- startReport -->
        <test-method status="PASS" signature="TestRun()[pri:0, instance:TestRun.RetryFailedTest@4bee09]" name="TestRun" duration-ms="5330" started-at="2020-03-26T14:13:06Z" finished-at="2020-03-26T14:13:11Z">
          <reporter-output>
          </reporter-output>
        </test-method> <!-- TestRun -->
        <test-method status="PASS" signature="getResult(org.testng.ITestResult)[pri:0, instance:TestRun.RetryFailedTest@4bee09]" name="getResult" is-config="true" duration-ms="3" started-at="2020-03-26T14:13:11Z" finished-at="2020-03-26T14:13:11Z">
          <params>
            <param index="0">
              <value>
                <![CDATA[[TestResult name=TestRun status=SUCCESS method=RetryFailedTest.TestRun()[pri:0, instance:TestRun.RetryFailedTest@4bee09] output={null}]]]>
              </value>
            </param>
          </params>
          <reporter-output>
          </reporter-output>
        </test-method> <!-- getResult -->
        <test-method status="PASS" signature="tearDown()[pri:0, instance:TestRun.RetryFailedTest@4bee09]" name="tearDown" is-config="true" duration-ms="380" started-at="2020-03-26T14:13:11Z" finished-at="2020-03-26T14:13:11Z">
          <reporter-output>
          </reporter-output>
        </test-method> <!-- tearDown -->
      </class> <!-- TestRun.RetryFailedTest -->
    </test> <!-- Default test -->
  </suite> <!-- Default suite -->
</testng-results>
